2026-01-01 11:02:08 | INFO     | __main__             | _configurar_log_cientifico | ====================================================================================================
2026-01-01 11:02:08 | INFO     | __main__             | _configurar_log_cientifico | QUALIS A1 SCIENTIFIC EXECUTION LOG
2026-01-01 11:02:08 | INFO     | __main__             | _configurar_log_cientifico | Framework: Beneficial Quantum Noise in Variational Quantum Classifiers v7.2
2026-01-01 11:02:08 | INFO     | __main__             | _configurar_log_cientifico | Log File: C:\Users\marce\Downloads\Beneficial-Quantum-Noise-in-Variational-Quantum-Classifiers-main (1)\Beneficial-Quantum-Noise-in-Variational-Quantum-Classifiers-main\resultados_2026-01-01_11-02-08\execution_log_qualis_a1.log
2026-01-01 11:02:08 | INFO     | __main__             | _configurar_log_cientifico | ====================================================================================================
2026-01-01 11:02:08 | INFO     | __main__             | executar_grid_search      | [  1/600] Dataset: moons | Seed: 42 | Qubits: 4 | Camadas: 2 | Arquitetura: basico | Init: matematico | Ruído: sem_ruido | Nível: 0.0000
2026-01-01 11:02:08 | INFO     | __main__             | executar_grid_search      | Constantes: π=3.14159, e=2.71828, φ=1.61803, ℏ=1.05e-34, α=0.00730, R∞=10973731.57
2026-01-01 11:03:39 | INFO     | __main__             | executar_grid_search      |   ✓ Acurácia: 0.5500 | Gap: +0.0357 | Tempo: 83.3s
2026-01-01 11:03:39 | INFO     | __main__             | executar_grid_search      |     → Circuito salvo: circuito_moons_seed42_basico_matematico_sem_ruido_nivel0.0000.png
2026-01-01 11:03:40 | INFO     | __main__             | executar_grid_search      |     → Barren plateau 3D salvo: barren3d_moons_seed42_basico_matematico_sem_ruido_nivel0.0000.png
2026-01-01 11:03:40 | INFO     | __main__             | executar_grid_search      | [  2/600] Dataset: moons | Seed: 43 | Qubits: 4 | Camadas: 2 | Arquitetura: basico | Init: matematico | Ruído: sem_ruido | Nível: 0.0000
2026-01-01 11:03:40 | INFO     | __main__             | executar_grid_search      | Constantes: π=3.14159, e=2.71828, φ=1.61803, ℏ=1.05e-34, α=0.00730, R∞=10973731.57
2026-01-01 11:05:11 | INFO     | __main__             | executar_grid_search      |   ✓ Acurácia: 0.5667 | Gap: +0.0119 | Tempo: 79.2s
2026-01-01 11:05:12 | INFO     | __main__             | executar_grid_search      |     → Circuito salvo: circuito_moons_seed43_basico_matematico_sem_ruido_nivel0.0000.png
2026-01-01 11:05:12 | INFO     | __main__             | executar_grid_search      |     → Barren plateau 3D salvo: barren3d_moons_seed43_basico_matematico_sem_ruido_nivel0.0000.png
2026-01-01 11:05:12 | INFO     | __main__             | executar_grid_search      | [  3/600] Dataset: moons | Seed: 44 | Qubits: 4 | Camadas: 2 | Arquitetura: basico | Init: matematico | Ruído: sem_ruido | Nível: 0.0000
2026-01-01 11:05:12 | INFO     | __main__             | executar_grid_search      | Constantes: π=3.14159, e=2.71828, φ=1.61803, ℏ=1.05e-34, α=0.00730, R∞=10973731.57
2026-01-01 11:07:53 | INFO     | __main__             | executar_grid_search      |   ✓ Acurácia: 0.5750 | Gap: +0.0464 | Tempo: 153.2s
2026-01-01 11:07:53 | INFO     | __main__             | executar_grid_search      |     → Circuito salvo: circuito_moons_seed44_basico_matematico_sem_ruido_nivel0.0000.png
2026-01-01 11:07:53 | INFO     | __main__             | executar_grid_search      |     → Barren plateau 3D salvo: barren3d_moons_seed44_basico_matematico_sem_ruido_nivel0.0000.png
2026-01-01 11:07:53 | INFO     | __main__             | executar_grid_search      | [  4/600] Dataset: moons | Seed: 45 | Qubits: 4 | Camadas: 2 | Arquitetura: basico | Init: matematico | Ruído: sem_ruido | Nível: 0.0000
2026-01-01 11:07:53 | INFO     | __main__             | executar_grid_search      | Constantes: π=3.14159, e=2.71828, φ=1.61803, ℏ=1.05e-34, α=0.00730, R∞=10973731.57
2026-01-01 11:09:52 | INFO     | __main__             | executar_grid_search      |   ✓ Acurácia: 0.5833 | Gap: +0.0452 | Tempo: 104.8s
2026-01-01 11:09:52 | INFO     | __main__             | executar_grid_search      |     → Circuito salvo: circuito_moons_seed45_basico_matematico_sem_ruido_nivel0.0000.png
2026-01-01 11:09:53 | INFO     | __main__             | executar_grid_search      |     → Barren plateau 3D salvo: barren3d_moons_seed45_basico_matematico_sem_ruido_nivel0.0000.png
2026-01-01 11:09:53 | INFO     | __main__             | executar_grid_search      | [  5/600] Dataset: moons | Seed: 46 | Qubits: 4 | Camadas: 2 | Arquitetura: basico | Init: matematico | Ruído: sem_ruido | Nível: 0.0000
2026-01-01 11:09:53 | INFO     | __main__             | executar_grid_search      | Constantes: π=3.14159, e=2.71828, φ=1.61803, ℏ=1.05e-34, α=0.00730, R∞=10973731.57
2026-01-01 11:11:47 | INFO     | __main__             | executar_grid_search      |   ✓ Acurácia: 0.5417 | Gap: +0.0048 | Tempo: 107.0s
2026-01-01 11:11:47 | INFO     | __main__             | executar_grid_search      |     → Circuito salvo: circuito_moons_seed46_basico_matematico_sem_ruido_nivel0.0000.png
2026-01-01 11:11:48 | INFO     | __main__             | executar_grid_search      |     → Barren plateau 3D salvo: barren3d_moons_seed46_basico_matematico_sem_ruido_nivel0.0000.png
2026-01-01 11:11:48 | INFO     | __main__             | executar_grid_search      | [  6/600] Dataset: moons | Seed: 42 | Qubits: 4 | Camadas: 2 | Arquitetura: basico | Init: matematico | Ruído: depolarizante | Nível: 0.0000
2026-01-01 11:11:48 | INFO     | __main__             | executar_grid_search      | Constantes: π=3.14159, e=2.71828, φ=1.61803, ℏ=1.05e-34, α=0.00730, R∞=10973731.57
2026-01-01 11:13:22 | INFO     | __main__             | executar_grid_search      |   ✓ Acurácia: 0.5500 | Gap: +0.0357 | Tempo: 84.7s
2026-01-01 11:13:22 | INFO     | __main__             | executar_grid_search      |     → Circuito salvo: circuito_moons_seed42_basico_matematico_depolarizante_nivel0.0000.png
2026-01-01 11:13:22 | INFO     | __main__             | executar_grid_search      |     → Barren plateau 3D salvo: barren3d_moons_seed42_basico_matematico_depolarizante_nivel0.0000.png
2026-01-01 11:13:22 | INFO     | __main__             | executar_grid_search      | [  7/600] Dataset: moons | Seed: 43 | Qubits: 4 | Camadas: 2 | Arquitetura: basico | Init: matematico | Ruído: depolarizante | Nível: 0.0000
2026-01-01 11:13:22 | INFO     | __main__             | executar_grid_search      | Constantes: π=3.14159, e=2.71828, φ=1.61803, ℏ=1.05e-34, α=0.00730, R∞=10973731.57
2026-01-01 11:15:09 | INFO     | __main__             | executar_grid_search      |   ✓ Acurácia: 0.5667 | Gap: +0.0119 | Tempo: 97.4s
2026-01-01 11:15:09 | INFO     | __main__             | executar_grid_search      |     → Circuito salvo: circuito_moons_seed43_basico_matematico_depolarizante_nivel0.0000.png
2026-01-01 11:15:10 | INFO     | __main__             | executar_grid_search      |     → Barren plateau 3D salvo: barren3d_moons_seed43_basico_matematico_depolarizante_nivel0.0000.png
2026-01-01 11:15:10 | INFO     | __main__             | executar_grid_search      | [  8/600] Dataset: moons | Seed: 44 | Qubits: 4 | Camadas: 2 | Arquitetura: basico | Init: matematico | Ruído: depolarizante | Nível: 0.0000
2026-01-01 11:15:10 | INFO     | __main__             | executar_grid_search      | Constantes: π=3.14159, e=2.71828, φ=1.61803, ℏ=1.05e-34, α=0.00730, R∞=10973731.57
2026-01-01 11:17:07 | INFO     | __main__             | executar_grid_search      |   ✓ Acurácia: 0.5750 | Gap: +0.0464 | Tempo: 105.6s
2026-01-01 11:17:07 | INFO     | __main__             | executar_grid_search      |     → Circuito salvo: circuito_moons_seed44_basico_matematico_depolarizante_nivel0.0000.png
2026-01-01 11:17:08 | INFO     | __main__             | executar_grid_search      |     → Barren plateau 3D salvo: barren3d_moons_seed44_basico_matematico_depolarizante_nivel0.0000.png
2026-01-01 11:17:08 | INFO     | __main__             | executar_grid_search      | [  9/600] Dataset: moons | Seed: 45 | Qubits: 4 | Camadas: 2 | Arquitetura: basico | Init: matematico | Ruído: depolarizante | Nível: 0.0000
2026-01-01 11:17:08 | INFO     | __main__             | executar_grid_search      | Constantes: π=3.14159, e=2.71828, φ=1.61803, ℏ=1.05e-34, α=0.00730, R∞=10973731.57
2026-01-01 11:21:36 | INFO     | __main__             | executar_grid_search      |   ✓ Acurácia: 0.5833 | Gap: +0.0452 | Tempo: 238.5s
2026-01-01 11:21:37 | INFO     | __main__             | executar_grid_search      |     → Circuito salvo: circuito_moons_seed45_basico_matematico_depolarizante_nivel0.0000.png
2026-01-01 11:21:38 | INFO     | __main__             | executar_grid_search      |     → Barren plateau 3D salvo: barren3d_moons_seed45_basico_matematico_depolarizante_nivel0.0000.png
2026-01-01 11:21:38 | INFO     | __main__             | executar_grid_search      | [ 10/600] Dataset: moons | Seed: 46 | Qubits: 4 | Camadas: 2 | Arquitetura: basico | Init: matematico | Ruído: depolarizante | Nível: 0.0000
2026-01-01 11:21:38 | INFO     | __main__             | executar_grid_search      | Constantes: π=3.14159, e=2.71828, φ=1.61803, ℏ=1.05e-34, α=0.00730, R∞=10973731.57
2026-01-01 11:26:54 | INFO     | __main__             | executar_grid_search      |   ✓ Acurácia: 0.5417 | Gap: +0.0048 | Tempo: 285.7s
2026-01-01 11:26:54 | INFO     | __main__             | executar_grid_search      |     → Circuito salvo: circuito_moons_seed46_basico_matematico_depolarizante_nivel0.0000.png
2026-01-01 11:26:56 | INFO     | __main__             | executar_grid_search      |     → Barren plateau 3D salvo: barren3d_moons_seed46_basico_matematico_depolarizante_nivel0.0000.png
2026-01-01 11:26:56 | INFO     | __main__             | executar_grid_search      | [ 11/600] Dataset: moons | Seed: 42 | Qubits: 4 | Camadas: 2 | Arquitetura: basico | Init: matematico | Ruído: depolarizante | Nível: 0.0025
2026-01-01 11:26:56 | INFO     | __main__             | executar_grid_search      | Constantes: π=3.14159, e=2.71828, φ=1.61803, ℏ=1.05e-34, α=0.00730, R∞=10973731.57
2026-01-01 11:32:11 | INFO     | __main__             | executar_grid_search      |   ✓ Acurácia: 0.5500 | Gap: +0.0357 | Tempo: 286.0s
2026-01-01 11:32:12 | INFO     | __main__             | executar_grid_search      |     → Circuito salvo: circuito_moons_seed42_basico_matematico_depolarizante_nivel0.0025.png
2026-01-01 11:32:13 | INFO     | __main__             | executar_grid_search      |     → Barren plateau 3D salvo: barren3d_moons_seed42_basico_matematico_depolarizante_nivel0.0025.png
2026-01-01 11:32:13 | INFO     | __main__             | executar_grid_search      | [ 12/600] Dataset: moons | Seed: 43 | Qubits: 4 | Camadas: 2 | Arquitetura: basico | Init: matematico | Ruído: depolarizante | Nível: 0.0025
2026-01-01 11:32:13 | INFO     | __main__             | executar_grid_search      | Constantes: π=3.14159, e=2.71828, φ=1.61803, ℏ=1.05e-34, α=0.00730, R∞=10973731.57
2026-01-01 11:37:30 | INFO     | __main__             | executar_grid_search      |   ✓ Acurácia: 0.5667 | Gap: +0.0119 | Tempo: 286.3s
2026-01-01 11:37:31 | INFO     | __main__             | executar_grid_search      |     → Circuito salvo: circuito_moons_seed43_basico_matematico_depolarizante_nivel0.0025.png
2026-01-01 11:37:32 | INFO     | __main__             | executar_grid_search      |     → Barren plateau 3D salvo: barren3d_moons_seed43_basico_matematico_depolarizante_nivel0.0025.png
2026-01-01 11:37:32 | INFO     | __main__             | executar_grid_search      | [ 13/600] Dataset: moons | Seed: 44 | Qubits: 4 | Camadas: 2 | Arquitetura: basico | Init: matematico | Ruído: depolarizante | Nível: 0.0025
2026-01-01 11:37:32 | INFO     | __main__             | executar_grid_search      | Constantes: π=3.14159, e=2.71828, φ=1.61803, ℏ=1.05e-34, α=0.00730, R∞=10973731.57
2026-01-01 11:41:57 | INFO     | __main__             | executar_grid_search      |   ✓ Acurácia: 0.5750 | Gap: +0.0429 | Tempo: 253.7s
2026-01-01 11:41:57 | INFO     | __main__             | executar_grid_search      |     → Circuito salvo: circuito_moons_seed44_basico_matematico_depolarizante_nivel0.0025.png
2026-01-01 11:41:58 | INFO     | __main__             | executar_grid_search      |     → Barren plateau 3D salvo: barren3d_moons_seed44_basico_matematico_depolarizante_nivel0.0025.png
2026-01-01 11:41:58 | INFO     | __main__             | executar_grid_search      | [ 14/600] Dataset: moons | Seed: 45 | Qubits: 4 | Camadas: 2 | Arquitetura: basico | Init: matematico | Ruído: depolarizante | Nível: 0.0025
2026-01-01 11:41:58 | INFO     | __main__             | executar_grid_search      | Constantes: π=3.14159, e=2.71828, φ=1.61803, ℏ=1.05e-34, α=0.00730, R∞=10973731.57
2026-01-01 11:43:54 | INFO     | __main__             | executar_grid_search      |   ✓ Acurácia: 0.5833 | Gap: +0.0452 | Tempo: 105.9s
2026-01-01 11:43:55 | INFO     | __main__             | executar_grid_search      |     → Circuito salvo: circuito_moons_seed45_basico_matematico_depolarizante_nivel0.0025.png
2026-01-01 11:43:55 | INFO     | __main__             | executar_grid_search      |     → Barren plateau 3D salvo: barren3d_moons_seed45_basico_matematico_depolarizante_nivel0.0025.png
2026-01-01 11:43:55 | INFO     | __main__             | executar_grid_search      | [ 15/600] Dataset: moons | Seed: 46 | Qubits: 4 | Camadas: 2 | Arquitetura: basico | Init: matematico | Ruído: depolarizante | Nível: 0.0025
2026-01-01 11:43:55 | INFO     | __main__             | executar_grid_search      | Constantes: π=3.14159, e=2.71828, φ=1.61803, ℏ=1.05e-34, α=0.00730, R∞=10973731.57
2026-01-01 11:45:51 | INFO     | __main__             | executar_grid_search      |   ✓ Acurácia: 0.5417 | Gap: +0.0048 | Tempo: 106.0s
2026-01-01 11:45:51 | INFO     | __main__             | executar_grid_search      |     → Circuito salvo: circuito_moons_seed46_basico_matematico_depolarizante_nivel0.0025.png
2026-01-01 11:45:51 | INFO     | __main__             | executar_grid_search      |     → Barren plateau 3D salvo: barren3d_moons_seed46_basico_matematico_depolarizante_nivel0.0025.png
2026-01-01 11:45:51 | INFO     | __main__             | executar_grid_search      | [ 16/600] Dataset: moons | Seed: 42 | Qubits: 4 | Camadas: 2 | Arquitetura: basico | Init: matematico | Ruído: depolarizante | Nível: 0.0050
2026-01-01 11:45:51 | INFO     | __main__             | executar_grid_search      | Constantes: π=3.14159, e=2.71828, φ=1.61803, ℏ=1.05e-34, α=0.00730, R∞=10973731.57
